<?xml version="1.0" encoding="UTF-8" ?>
<testsuite tests="6" failures="0" name="org.learn.junit.BankAccountTest" time="0.003" errors="0" skipped="0">
  <properties>
[...]
</properties>
  <testcase classname="org.learn.junit.BankAccountTest" name="testGetBalance_deposit" time="0.003"/>
  <testcase classname="org.learn.junit.BankAccountTest" name="testWithdraw" time="0"/>
  <testcase classname="org.learn.junit.BankAccountTest" name="testGetLastName" time="0"/>
  <testcase classname="org.learn.junit.BankAccountTest" name="testGetFirstName" time="0"/>
  <testcase classname="org.learn.junit.BankAccountTest" name="testDeposit" time="0"/>
  <testcase classname="org.learn.junit.BankAccountTest" name="testGetBalance_withdraw" time="0"/>
</testsuite>